2026-02-20T12:37:42.1947493Z,Updating submodules.,8530fde9-31fb-43c8-b5de-5573c5a9a49e,0
2026-02-20T12:37:43.3304765Z,Preparing deployment for commit id '6dc39a04-e'.,c828a321-78c6-493d-9c5c-1dc434b1f290,0
2026-02-20T12:37:43.7020656Z,PreDeployment: context.CleanOutputPath False,6d1dbf3e-604a-4913-b58f-c12fd532a8b3,0
2026-02-20T12:37:43.9113879Z,PreDeployment: context.OutputPath /home/site/wwwroot,a23b2bfd-8977-4525-8564-2aafa1cf92b6,0
2026-02-20T12:37:44.0398607Z,Running build. Project type: OneDeploy,0bfeec77-d8c4-4aaa-a2e0-3ef93dd9588c,0
2026-02-20T12:37:44.1437291Z,Copying the manifest,ade83876-8850-4317-a320-c158807dfdbf,0
2026-02-20T12:37:44.2838817Z,Running deployment command...,8b1a0ea4-5b60-498b-88cc-54dadc4b622b,0
	2026-02-20T12:37:44.2909504Z,Command: /opt/Kudu/Scripts/parallel_rsync.sh /tmp/zipdeploy/extracted /home/site/wwwroot 8 /tmp/ False False  ,,0
	2026-02-20T12:37:44.4146523Z,Run rsync from: /tmp/zipdeploy/extracted/ to: /home/site/wwwroot/ in 8 parallel threads,,0
	2026-02-20T12:37:44.4845014Z,Delete options: clean=False&comma; use manifest=False&comma; directory to ignore=,,0
	2026-02-20T12:37:44.5333195Z,Prev manifest = /opt/Kudu/Scripts/firstDeploymentManifest and next /home/site/deployments/6dc39a04-ed9b-47b2-b7ed-a0e4c7bf736b/manifest,,0
	2026-02-20T12:37:44.5933357Z,Cleaning up /tmp//filelist.txt and /tmp//splits,,0
	2026-02-20T12:37:44.6954981Z,Creating a list of all files at /tmp//filelist.txt,,0
	2026-02-20T12:37:44.7649593Z,No directory to exclude.,,0
	2026-02-20T12:37:44.8141631Z,Created /tmp//filelist.txt. Total number of files to be synced = 73.,,0
	2026-02-20T12:37:45.0669281Z,Created batches from the list of files. Processing 10 files in each thread,,0
	2026-02-20T12:37:45.1381607Z,Running rsync for filelist /tmp//splits/split.aa from /tmp/zipdeploy/extracted/ to /home/site/wwwroot/,,0
	2026-02-20T12:37:45.1988960Z,Running rsync for filelist /tmp//splits/split.ab from /tmp/zipdeploy/extracted/ to /home/site/wwwroot/,,0
	2026-02-20T12:37:45.2495896Z,rsync: [generator] recv_generator: failed to stat "/home/site/wwwroot/runtimes\linux-musl-s390x\native\libe_sqlite3.so": Invalid argument (22),,1
	2026-02-20T12:37:45.2798423Z,Running rsync for filelist /tmp//splits/split.ac from /tmp/zipdeploy/extracted/ to /home/site/wwwroot/,,0
	2026-02-20T12:37:45.4288729Z,rsync: [generator] recv_generator: failed to stat "/home/site/wwwroot/runtimes\linux-x86\native\libe_sqlite3.so": Invalid argument (22),,1
	2026-02-20T12:37:45.5081384Z,rsync: [generator] recv_generator: failed to stat "/home/site/wwwroot/runtimes\osx-arm64\native\libe_sqlite3.dylib": Invalid argument (22),,1
	2026-02-20T12:37:45.5491296Z,Running rsync for filelist /tmp//splits/split.ad from /tmp/zipdeploy/extracted/ to /home/site/wwwroot/,,0
	2026-02-20T12:37:45.6387679Z,rsync: [generator] recv_generator: failed to stat "/home/site/wwwroot/runtimes\win\lib\netstandard2.0\System.Security.Cryptography.ProtectedData.dll": Invalid argument (22),,1
	2026-02-20T12:37:45.6709051Z,Running rsync for filelist /tmp//splits/split.af from /tmp/zipdeploy/extracted/ to /home/site/wwwroot/,,0
	2026-02-20T12:37:45.7518885Z,Running rsync for filelist /tmp//splits/split.ae from /tmp/zipdeploy/extracted/ to /home/site/wwwroot/,,0
	2026-02-20T12:37:45.8519802Z,rsync: [generator] recv_generator: failed to stat "/home/site/wwwroot/runtimes\maccatalyst-arm64\native\libe_sqlite3.dylib": Invalid argument (22),,1
	2026-02-20T12:37:45.9408443Z,rsync: [generator] recv_generator: failed to stat "/home/site/wwwroot/runtimes\osx-x64\native\libe_sqlite3.dylib": Invalid argument (22),,1
	2026-02-20T12:37:46.0717648Z,Running rsync for filelist /tmp//splits/split.ag from /tmp/zipdeploy/extracted/ to /home/site/wwwroot/,,0
	2026-02-20T12:37:46.0932845Z,rsync: [generator] recv_generator: failed to stat "/home/site/wwwroot/runtimes\win-x86\native\e_sqlite3.dll": Invalid argument (22),,1
	2026-02-20T12:37:46.1821560Z,Running rsync for filelist /tmp//splits/split.ah from /tmp/zipdeploy/extracted/ to /home/site/wwwroot/,,0
	2026-02-20T12:37:46.2149260Z,rsync error: some files/attrs were not transferred (see previous errors) (code 23) at main.c(1338) [sender=3.2.7],,1
	2026-02-20T12:37:46.2644569Z,rsync: [generator] recv_generator: failed to stat "/home/site/wwwroot/runtimes\linux-arm64\native\libe_sqlite3.so": Invalid argument (22),,1
	2026-02-20T12:37:46.3428927Z,rsync: [generator] recv_generator: failed to stat "/home/site/wwwroot/runtimes\linux-musl-riscv64\native\libe_sqlite3.so": Invalid argument (22),,1
	2026-02-20T12:37:46.4666070Z,,,0
	2026-02-20T12:37:46.4963622Z,rsync: [generator] recv_generator: failed to stat "/home/site/wwwroot/runtimes\linux-ppc64le\native\libe_sqlite3.so": Invalid argument (22),,1
	2026-02-20T12:37:46.5364544Z,Number of files: 10 (reg: 10),,0
	2026-02-20T12:37:46.5871989Z,rsync: [generator] recv_generator: failed to stat "/home/site/wwwroot/runtimes\win-arm64\native\e_sqlite3.dll": Invalid argument (22),,1
	2026-02-20T12:37:46.5975272Z,Number of created files: 0,,0
	2026-02-20T12:37:46.6474579Z,rsync: [generator] recv_generator: failed to stat "/home/site/wwwroot/runtimes\linux-musl-x64\native\libe_sqlite3.so": Invalid argument (22),,1
	2026-02-20T12:37:46.6749099Z,Number of deleted files: 0,,0
	2026-02-20T12:37:46.7147623Z,rsync: [generator] recv_generator: failed to stat "/home/site/wwwroot/runtimes\linux-musl-arm64\native\libe_sqlite3.so": Invalid argument (22),,1
	2026-02-20T12:37:46.7760653Z,Number of regular files transferred: 0,,0
	2026-02-20T12:37:46.8356589Z,rsync: [generator] recv_generator: failed to stat "/home/site/wwwroot/runtimes\win-x64\native\e_sqlite3.dll": Invalid argument (22),,1
	2026-02-20T12:37:46.8566906Z,Total file size: 6.47M bytes,,0
	2026-02-20T12:37:46.8960721Z,rsync: [generator] recv_generator: failed to stat "/home/site/wwwroot/runtimes\browser-wasm\nativeassets\net9.0\e_sqlite3.a": Invalid argument (22),,1
	2026-02-20T12:37:46.9684800Z,Total transferred file size: 0 bytes,,0
	2026-02-20T12:37:46.9861660Z,rsync: [generator] recv_generator: failed to stat "/home/site/wwwroot/runtimes\linux-s390x\native\libe_sqlite3.so": Invalid argument (22),,1
	2026-02-20T12:37:47.0080099Z,Literal data: 0 bytes,,0
	2026-02-20T12:37:47.0294990Z,rsync: [generator] recv_generator: failed to stat "/home/site/wwwroot/runtimes\maccatalyst-x64\native\libe_sqlite3.dylib": Invalid argument (22),,1
	2026-02-20T12:37:47.0665673Z,Matched data: 0 bytes,,0
	2026-02-20T12:37:47.0882162Z,rsync error: some files/attrs were not transferred (see previous errors) (code 23) at main.c(1338) [sender=3.2.7],,1
	2026-02-20T12:37:47.1385486Z,File list size: 0,,0
	2026-02-20T12:37:47.2068442Z,rsync: [generator] recv_generator: failed to stat "/home/site/wwwroot/runtimes\linux-armel\native\libe_sqlite3.so": Invalid argument (22),,1
	2026-02-20T12:37:47.2286667Z,File list generation time: 0.018 seconds,,0
	2026-02-20T12:37:47.2680983Z,rsync: [generator] recv_generator: failed to stat "/home/site/wwwroot/runtimes\linux-riscv64\native\libe_sqlite3.so": Invalid argument (22),,1
	2026-02-20T12:37:47.3477355Z,File list transfer time: 0.000 seconds,,0
	2026-02-20T12:37:47.3982324Z,rsync: [generator] recv_generator: failed to stat "/home/site/wwwroot/runtimes\linux-x64\native\libe_sqlite3.so": Invalid argument (22),,1
	2026-02-20T12:37:47.4592103Z,Total bytes sent: 600,,0
	2026-02-20T12:37:47.4794292Z,rsync: [generator] recv_generator: failed to stat "/home/site/wwwroot/runtimes\win-arm\native\e_sqlite3.dll": Invalid argument (22),,1
	2026-02-20T12:37:47.5620854Z,Total bytes received: 34,,0
	2026-02-20T12:37:47.6207112Z,,,0
	2026-02-20T12:37:47.6704804Z,rsync: [generator] recv_generator: failed to stat "/home/site/wwwroot/runtimes\linux-arm\native\libe_sqlite3.so": Invalid argument (22),,1
	2026-02-20T12:37:47.7002171Z,sent 600 bytes  received 34 bytes  1.27K bytes/sec,,0
	2026-02-20T12:37:47.7329741Z,rsync: [generator] recv_generator: failed to stat "/home/site/wwwroot/runtimes\linux-mips64\native\libe_sqlite3.so": Invalid argument (22),,1
	2026-02-20T12:37:47.7812451Z,total size is 6.47M  speedup is 10&comma;203.46,,0
	2026-02-20T12:37:47.8219020Z,rsync: [generator] recv_generator: failed to stat "/home/site/wwwroot/runtimes\linux-musl-arm\native\libe_sqlite3.so": Invalid argument (22),,1
	2026-02-20T12:37:47.8437370Z,Attempt 1: Rsync for filelist /tmp//splits/split.ad completed with exit code 23,,0
	2026-02-20T12:37:47.8916985Z,rsync error: some files/attrs were not transferred (see previous errors) (code 23) at main.c(1338) [sender=3.2.7],,1
	2026-02-20T12:37:47.9034219Z,,,0
	2026-02-20T12:37:47.9136458Z,rsync error: some files/attrs were not transferred (see previous errors) (code 23) at main.c(1338) [sender=3.2.7],,1
	2026-02-20T12:37:47.9527335Z,Number of files: 10 (reg: 10),,0
	2026-02-20T12:37:47.9582484Z,rsync error: some files/attrs were not transferred (see previous errors) (code 23) at main.c(1338) [sender=3.2.7],,1
	2026-02-20T12:37:47.9738757Z,Number of created files: 0,,0
	2026-02-20T12:37:47.9956590Z,rsync error: some files/attrs were not transferred (see previous errors) (code 23) at main.c(1338) [sender=3.2.7],,1
	2026-02-20T12:37:48.0327127Z,rsync error: some files/attrs were not transferred (see previous errors) (code 23) at main.c(1338) [sender=3.2.7],,1
	2026-02-20T12:37:48.0627827Z,Number of deleted files: 0,,0
	2026-02-20T12:37:48.0766277Z,rsync: [generator] recv_generator: failed to stat "/home/site/wwwroot/runtimes\linux-arm\native\libe_sqlite3.so": Invalid argument (22),,1
	2026-02-20T12:37:48.1139515Z,Number of regular files transferred: 0,,0
	2026-02-20T12:37:48.1356527Z,rsync: [generator] recv_generator: failed to stat "/home/site/wwwroot/runtimes\linux-mips64\native\libe_sqlite3.so": Invalid argument (22),,1
	2026-02-20T12:37:48.1658638Z,Total file size: 5.19M bytes,,0
	2026-02-20T12:37:48.1767328Z,rsync: [generator] recv_generator: failed to stat "/home/site/wwwroot/runtimes\linux-musl-arm\native\libe_sqlite3.so": Invalid argument (22),,1
	2026-02-20T12:37:48.2052846Z,Total transferred file size: 0 bytes,,0
	2026-02-20T12:37:48.2251444Z,rsync error: some files/attrs were not transferred (see previous errors) (code 23) at main.c(1338) [sender=3.2.7],,1
	2026-02-20T12:37:48.2642130Z,rsync error: some files/attrs were not transferred (see previous errors) (code 23) at main.c(1338) [sender=3.2.7],,1
	2026-02-20T12:37:48.2747256Z,Literal data: 0 bytes,,0
	2026-02-20T12:37:48.2939861Z,rsync: [generator] recv_generator: failed to stat "/home/site/wwwroot/runtimes\linux-arm64\native\libe_sqlite3.so": Invalid argument (22),,1
	2026-02-20T12:37:48.3142683Z,Matched data: 0 bytes,,0
	2026-02-20T12:37:48.3450202Z,File list size: 0,,0
	2026-02-20T12:37:48.3552452Z,rsync: [generator] recv_generator: failed to stat "/home/site/wwwroot/runtimes\linux-musl-riscv64\native\libe_sqlite3.so": Invalid argument (22),,1
	2026-02-20T12:37:48.3743777Z,File list generation time: 0.018 seconds,,0
	2026-02-20T12:37:48.3893183Z,rsync: [generator] recv_generator: failed to stat "/home/site/wwwroot/runtimes\linux-ppc64le\native\libe_sqlite3.so": Invalid argument (22),,1
	2026-02-20T12:37:48.4245972Z,File list transfer time: 0.000 seconds,,0
	2026-02-20T12:37:48.4454702Z,rsync: [generator] recv_generator: failed to stat "/home/site/wwwroot/runtimes\win-arm64\native\e_sqlite3.dll": Invalid argument (22),,1
	2026-02-20T12:37:48.4760720Z,Total bytes sent: 571,,0
	2026-02-20T12:37:48.4985533Z,rsync: [generator] recv_generator: failed to stat "/home/site/wwwroot/runtimes\browser-wasm\nativeassets\net9.0\e_sqlite3.a": Invalid argument (22),,1
	2026-02-20T12:37:48.5271071Z,Total bytes received: 37,,0
	2026-02-20T12:37:48.5561783Z,rsync: [generator] recv_generator: failed to stat "/home/site/wwwroot/runtimes\linux-s390x\native\libe_sqlite3.so": Invalid argument (22),,1
	2026-02-20T12:37:48.5894279Z,,,0
	2026-02-20T12:37:48.6012495Z,rsync: [generator] recv_generator: failed to stat "/home/site/wwwroot/runtimes\maccatalyst-x64\native\libe_sqlite3.dylib": Invalid argument (22),,1
	2026-02-20T12:37:48.6174948Z,rsync: [generator] recv_generator: failed to stat "/home/site/wwwroot/runtimes\linux-musl-s390x\native\libe_sqlite3.so": Invalid argument (22),,1
	2026-02-20T12:37:48.6284051Z,sent 571 bytes  received 37 bytes  405.33 bytes/sec,,0
	2026-02-20T12:37:48.6467920Z,rsync: [generator] recv_generator: failed to stat "/home/site/wwwroot/runtimes\linux-x86\native\libe_sqlite3.so": Invalid argument (22),,1
	2026-02-20T12:37:48.6684296Z,rsync: [generator] recv_generator: failed to stat "/home/site/wwwroot/runtimes\osx-arm64\native\libe_sqlite3.dylib": Invalid argument (22),,1
	2026-02-20T12:37:48.6991957Z,total size is 5.19M  speedup is 8&comma;543.47,,0
	2026-02-20T12:37:48.7481312Z,rsync: [generator] recv_generator: failed to stat "/home/site/wwwroot/runtimes\win\lib\netstandard2.0\System.Security.Cryptography.ProtectedData.dll": Invalid argument (22),,1
	2026-02-20T12:37:48.7794811Z,Attempt 1: Rsync for filelist /tmp//splits/split.ab completed with exit code 23,,0
	2026-02-20T12:37:48.8172445Z,rsync: [generator] recv_generator: failed to stat "/home/site/wwwroot/runtimes\linux-armel\native\libe_sqlite3.so": Invalid argument (22),,1
	2026-02-20T12:37:48.8668944Z,,,0
	2026-02-20T12:37:48.8892802Z,rsync: [generator] recv_generator: failed to stat "/home/site/wwwroot/runtimes\linux-riscv64\native\libe_sqlite3.so": Invalid argument (22),,1
	2026-02-20T12:37:48.9272903Z,Number of files: 10 (reg: 10),,0
	2026-02-20T12:37:48.9576097Z,rsync: [generator] recv_generator: failed to stat "/home/site/wwwroot/runtimes\linux-x64\native\libe_sqlite3.so": Invalid argument (22),,1
	2026-02-20T12:37:48.9785691Z,Number of created files: 0,,0
	2026-02-20T12:37:49.0009986Z,Number of deleted files: 0,,0
	2026-02-20T12:37:49.0180410Z,rsync: [generator] recv_generator: failed to stat "/home/site/wwwroot/runtimes\win-arm\native\e_sqlite3.dll": Invalid argument (22),,1
	2026-02-20T12:37:49.0319062Z,Number of regular files transferred: 1,,0
	2026-02-20T12:37:49.0699700Z,rsync: [generator] recv_generator: failed to stat "/home/site/wwwroot/runtimes\maccatalyst-arm64\native\libe_sqlite3.dylib": Invalid argument (22),,1
	2026-02-20T12:37:49.1005468Z,Total file size: 8.82M bytes,,0
	2026-02-20T12:37:49.1219974Z,rsync: [generator] recv_generator: failed to stat "/home/site/wwwroot/runtimes\osx-x64\native\libe_sqlite3.dylib": Invalid argument (22),,1
	2026-02-20T12:37:49.1693465Z,Total transferred file size: 80.90K bytes,,0
	2026-02-20T12:37:49.1929350Z,rsync: [generator] recv_generator: failed to stat "/home/site/wwwroot/runtimes\win-x86\native\e_sqlite3.dll": Invalid argument (22),,1
	2026-02-20T12:37:49.2293087Z,Literal data: 80.90K bytes,,0
	2026-02-20T12:37:49.2334666Z,rsync: [generator] recv_generator: failed to stat "/home/site/wwwroot/runtimes\linux-musl-x64\native\libe_sqlite3.so": Invalid argument (22),,1
	2026-02-20T12:37:49.2520726Z,Matched data: 0 bytes,,0
	2026-02-20T12:37:49.2801127Z,rsync: [generator] recv_generator: failed to stat "/home/site/wwwroot/runtimes\linux-musl-arm64\native\libe_sqlite3.so": Invalid argument (22),,1
	2026-02-20T12:37:49.3026207Z,File list size: 0,,0
	2026-02-20T12:37:49.3227153Z,File list generation time: 0.172 seconds,,0
	2026-02-20T12:37:49.3440695Z,rsync: [generator] recv_generator: failed to stat "/home/site/wwwroot/runtimes\win-x64\native\e_sqlite3.dll": Invalid argument (22),,1
	2026-02-20T12:37:49.3519765Z,File list transfer time: 0.000 seconds,,0
	2026-02-20T12:37:49.3723727Z,rsync error: some files/attrs were not transferred (see previous errors) (code 23) at main.c(1338) [sender=3.2.7],,1
	2026-02-20T12:37:49.3840029Z,Total bytes sent: 33.93K,,0
	2026-02-20T12:37:49.4029707Z,rsync error: some files/attrs were not transferred (see previous errors) (code 23) at main.c(1338) [sender=3.2.7],,1
	2026-02-20T12:37:49.4310959Z,Total bytes received: 50,,0
	2026-02-20T12:37:49.4610971Z,rsync error: some files/attrs were not transferred (see previous errors) (code 23) at main.c(1338) [sender=3.2.7],,1
	2026-02-20T12:37:49.4742498Z,,,0
	2026-02-20T12:37:49.5014009Z,rsync error: some files/attrs were not transferred (see previous errors) (code 23) at main.c(1338) [sender=3.2.7],,1
	2026-02-20T12:37:49.5078234Z,sent 33.93K bytes  received 50 bytes  22.65K bytes/sec,,0
	2026-02-20T12:37:49.5131164Z,rsync error: some files/attrs were not transferred (see previous errors) (code 23) at main.c(1338) [sender=3.2.7],,1
	2026-02-20T12:37:49.5329932Z,total size is 8.82M  speedup is 259.47,,0
	2026-02-20T12:37:49.5462746Z,,,0
	2026-02-20T12:37:49.5544745Z,rsync error: some files/attrs were not transferred (see previous errors) (code 23) at main.c(1338) [sender=3.2.7],,1
	2026-02-20T12:37:49.5737217Z,Number of files: 10 (reg: 10),,0
	2026-02-20T12:37:49.5790455Z,Number of created files: 0,,0
	2026-02-20T12:37:49.5865727Z,Number of deleted files: 0,,0
	2026-02-20T12:37:49.5944396Z,rsync error: some files/attrs were not transferred (see previous errors) (code 23) at main.c(1338) [sender=3.2.7],,1
	2026-02-20T12:37:49.6164029Z,Number of regular files transferred: 1,,0
	2026-02-20T12:37:49.6420029Z,Total file size: 5.40M bytes,,0
	2026-02-20T12:37:49.6573884Z,Total transferred file size: 495 bytes,,0
	2026-02-20T12:37:49.6666488Z,Literal data: 495 bytes,,0
	2026-02-20T12:37:49.6821685Z,Matched data: 0 bytes,,0
	2026-02-20T12:37:49.7014688Z,File list size: 0,,0
	2026-02-20T12:37:49.7094257Z,File list generation time: 0.020 seconds,,0
	2026-02-20T12:37:49.7230332Z,File list transfer time: 0.000 seconds,,0
	2026-02-20T12:37:49.7369664Z,Total bytes sent: 868,,0
	2026-02-20T12:37:49.7467003Z,Total bytes received: 59,,0
	2026-02-20T12:37:49.7578443Z,,,0
	2026-02-20T12:37:49.7692749Z,sent 868 bytes  received 59 bytes  1.85K bytes/sec,,0
	2026-02-20T12:37:49.7771655Z,total size is 5.40M  speedup is 5&comma;829.37,,0
	2026-02-20T12:37:49.7876751Z,Attempt 1: Rsync for filelist /tmp//splits/split.ag completed with exit code 23,,0
	2026-02-20T12:37:49.7970031Z,,,0
	2026-02-20T12:37:49.8258114Z,Number of files: 3 (reg: 3),,0
	2026-02-20T12:37:49.8312513Z,Number of created files: 0,,0
	2026-02-20T12:37:49.8412628Z,Number of deleted files: 0,,0
	2026-02-20T12:37:49.8514746Z,Number of regular files transferred: 0,,0
	2026-02-20T12:37:49.8613143Z,Total file size: 4.33M bytes,,0
	2026-02-20T12:37:49.8783956Z,Total transferred file size: 0 bytes,,0
	2026-02-20T12:37:49.8906472Z,Literal data: 0 bytes,,0
	2026-02-20T12:37:49.9017552Z,Matched data: 0 bytes,,0
	2026-02-20T12:37:49.9171485Z,File list size: 0,,0
	2026-02-20T12:37:49.9324770Z,File list generation time: 0.099 seconds,,0
	2026-02-20T12:37:49.9421077Z,File list transfer time: 0.000 seconds,,0
	2026-02-20T12:37:49.9517933Z,Total bytes sent: 240,,0
	2026-02-20T12:37:49.9612320Z,Total bytes received: 12,,0
	2026-02-20T12:37:49.9725370Z,,,0
	2026-02-20T12:37:49.9821917Z,sent 240 bytes  received 12 bytes  504.00 bytes/sec,,0
	2026-02-20T12:37:49.9876056Z,total size is 4.33M  speedup is 17&comma;187.63,,0
	2026-02-20T12:37:50.0007681Z,,,0
	2026-02-20T12:37:50.0113758Z,Number of files: 10 (reg: 10),,0
	2026-02-20T12:37:50.0168944Z,Number of created files: 0,,0
	2026-02-20T12:37:50.0223633Z,Number of deleted files: 0,,0
	2026-02-20T12:37:50.0384815Z,Number of regular files transferred: 0,,0
	2026-02-20T12:37:50.0649333Z,Total file size: 4.78M bytes,,0
	2026-02-20T12:37:50.0820980Z,Total transferred file size: 0 bytes,,0
	2026-02-20T12:37:50.0952921Z,Literal data: 0 bytes,,0
	2026-02-20T12:37:50.1039235Z,Matched data: 0 bytes,,0
	2026-02-20T12:37:50.1151072Z,File list size: 0,,0
	2026-02-20T12:37:50.1307831Z,File list generation time: 0.019 seconds,,0
	2026-02-20T12:37:50.1424921Z,File list transfer time: 0.000 seconds,,0
	2026-02-20T12:37:50.1556018Z,Total bytes sent: 512,,0
	2026-02-20T12:37:50.1688669Z,Total bytes received: 37,,0
	2026-02-20T12:37:50.1739351Z,,,0
	2026-02-20T12:37:50.1844196Z,sent 512 bytes  received 37 bytes  1.10K bytes/sec,,0
	2026-02-20T12:37:50.1924277Z,total size is 4.78M  speedup is 8&comma;697.81,,0
	2026-02-20T12:37:50.2106935Z,Attempt 1: Rsync for filelist /tmp//splits/split.af completed with exit code 23,,0
	2026-02-20T12:37:50.2164830Z,Attempt 1: Rsync for filelist /tmp//splits/split.ac completed with exit code 23,,0
	2026-02-20T12:37:50.2328697Z,Attempt 1: Rsync for filelist /tmp//splits/split.ah completed with exit code 23,,0
	2026-02-20T12:37:50.2462531Z,,,0
	2026-02-20T12:37:50.2629583Z,Number of files: 10 (reg: 10),,0
	2026-02-20T12:37:50.2686568Z,Number of created files: 0,,0
	2026-02-20T12:37:50.2765120Z,Number of deleted files: 0,,0
	2026-02-20T12:37:50.2913336Z,Number of regular files transferred: 1,,0
	2026-02-20T12:37:50.3174167Z,Total file size: 5.22M bytes,,0
	2026-02-20T12:37:50.3265559Z,Total transferred file size: 44.88K bytes,,0
	2026-02-20T12:37:50.3367620Z,Literal data: 44.88K bytes,,0
	2026-02-20T12:37:50.3526230Z,Matched data: 0 bytes,,0
	2026-02-20T12:37:50.3656826Z,File list size: 0,,0
	2026-02-20T12:37:50.3774337Z,File list generation time: 0.050 seconds,,0
	2026-02-20T12:37:50.3878088Z,File list transfer time: 0.000 seconds,,0
	2026-02-20T12:37:50.4020398Z,Total bytes sent: 26.40K,,0
	2026-02-20T12:37:50.4363892Z,Total bytes received: 50,,0
	2026-02-20T12:37:50.4526917Z,,,0
	2026-02-20T12:37:50.4670964Z,sent 26.40K bytes  received 50 bytes  17.63K bytes/sec,,0
	2026-02-20T12:37:50.4723357Z,total size is 5.22M  speedup is 197.24,,0
	2026-02-20T12:37:50.4799863Z,Attempt 1: Rsync for filelist /tmp//splits/split.ae completed with exit code 23,,0
	2026-02-20T12:37:50.4941393Z,,,0
	2026-02-20T12:37:50.5087692Z,Number of files: 10 (reg: 10),,0
	2026-02-20T12:37:50.5441137Z,Number of created files: 0,,0
	2026-02-20T12:37:50.5535487Z,Number of deleted files: 0,,0
	2026-02-20T12:37:50.5644963Z,Number of regular files transferred: 1,,0
	2026-02-20T12:37:50.5793684Z,Total file size: 4.27M bytes,,0
	2026-02-20T12:37:50.6142960Z,Total transferred file size: 162.30K bytes,,0
	2026-02-20T12:37:50.6451681Z,Literal data: 162.30K bytes,,0
	2026-02-20T12:37:50.6952318Z,Matched data: 0 bytes,,0
	2026-02-20T12:37:50.7267809Z,File list size: 0,,0
	2026-02-20T12:37:50.7574373Z,File list generation time: 0.143 seconds,,0
	2026-02-20T12:37:50.8263978Z,File list transfer time: 0.000 seconds,,0
	2026-02-20T12:37:50.8570790Z,Total bytes sent: 75.57K,,0
	2026-02-20T12:37:50.8977399Z,Total bytes received: 56,,0
	2026-02-20T12:37:50.9486201Z,,,0
	2026-02-20T12:37:50.9785876Z,sent 75.57K bytes  received 56 bytes  50.42K bytes/sec,,0
	2026-02-20T12:37:51.0190715Z,total size is 4.27M  speedup is 56.43,,0
	2026-02-20T12:37:51.0577800Z,Attempt 1: Rsync for filelist /tmp//splits/split.aa completed with exit code 23,,0
	2026-02-20T12:37:51.0894043Z,,,0
	2026-02-20T12:37:51.1296236Z,Number of files: 10 (reg: 10),,0
	2026-02-20T12:37:51.1783434Z,Number of created files: 0,,0
	2026-02-20T12:37:51.2183583Z,Number of deleted files: 0,,0
	2026-02-20T12:37:51.2601266Z,Number of regular files transferred: 0,,0
	2026-02-20T12:37:51.3087979Z,Total file size: 4.78M bytes,,0
	2026-02-20T12:37:51.3405356Z,Total transferred file size: 0 bytes,,0
	2026-02-20T12:37:51.3715554Z,Literal data: 0 bytes,,0
	2026-02-20T12:37:51.4826858Z,Matched data: 0 bytes,,0
	2026-02-20T12:37:51.5914025Z,File list size: 0,,0
	2026-02-20T12:37:51.6408747Z,File list generation time: 0.001 seconds,,0
	2026-02-20T12:37:51.7514061Z,File list transfer time: 0.000 seconds,,0
	2026-02-20T12:37:51.8440852Z,Total bytes sent: 508,,0
	2026-02-20T12:37:51.9352740Z,Total bytes received: 37,,0
	2026-02-20T12:37:51.9950776Z,,,0
	2026-02-20T12:37:52.0335794Z,sent 508 bytes  received 37 bytes  363.33 bytes/sec,,0
	2026-02-20T12:37:52.0730935Z,total size is 4.78M  speedup is 8&comma;761.65,,0
	2026-02-20T12:37:52.1261210Z,Attempt 2: Rsync for filelist /tmp//splits/split.af completed with exit code 23,,0
	2026-02-20T12:37:52.1654303Z,,,0
	2026-02-20T12:37:52.1940234Z,Number of files: 3 (reg: 3),,0
	2026-02-20T12:37:52.2167872Z,Number of created files: 0,,0
	2026-02-20T12:37:52.2472310Z,Number of deleted files: 0,,0
	2026-02-20T12:37:52.2870293Z,Number of regular files transferred: 0,,0
	2026-02-20T12:37:52.3274777Z,Total file size: 4.33M bytes,,0
	2026-02-20T12:37:52.3679049Z,Total transferred file size: 0 bytes,,0
	2026-02-20T12:37:52.3976922Z,Literal data: 0 bytes,,0
	2026-02-20T12:37:52.4656153Z,Matched data: 0 bytes,,0
	2026-02-20T12:37:52.4957083Z,File list size: 0,,0
	2026-02-20T12:37:52.5289436Z,File list generation time: 0.001 seconds,,0
	2026-02-20T12:37:52.5961432Z,File list transfer time: 0.000 seconds,,0
	2026-02-20T12:37:52.6477186Z,Total bytes sent: 240,,0
	2026-02-20T12:37:52.6788187Z,Total bytes received: 12,,0
	2026-02-20T12:37:52.7090341Z,,,0
	2026-02-20T12:37:52.7397118Z,sent 240 bytes  received 12 bytes  504.00 bytes/sec,,0
	2026-02-20T12:37:52.7605538Z,total size is 4.33M  speedup is 17&comma;187.63,,0
	2026-02-20T12:37:52.7901836Z,Attempt 2: Rsync for filelist /tmp//splits/split.ah completed with exit code 23,,0
	2026-02-20T12:37:52.8401928Z,,,0
	2026-02-20T12:37:52.8882601Z,Number of files: 10 (reg: 10),,0
	2026-02-20T12:37:52.9020405Z,Number of created files: 0,,0
	2026-02-20T12:37:52.9238900Z,Number of deleted files: 0,,0
	2026-02-20T12:37:52.9294473Z,Number of regular files transferred: 0,,0
	2026-02-20T12:37:52.9487900Z,Total file size: 8.82M bytes,,0
	2026-02-20T12:37:52.9640171Z,Total transferred file size: 0 bytes,,0
	2026-02-20T12:37:52.9757453Z,Literal data: 0 bytes,,0
	2026-02-20T12:37:52.9907444Z,Matched data: 0 bytes,,0
	2026-02-20T12:37:53.0194568Z,File list size: 0,,0
	2026-02-20T12:37:53.0504281Z,File list generation time: 0.032 seconds,,0
	2026-02-20T12:37:53.0650382Z,File list transfer time: 0.000 seconds,,0
	2026-02-20T12:37:53.0813167Z,Total bytes sent: 543,,0
	2026-02-20T12:37:53.0944857Z,Total bytes received: 34,,0
	2026-02-20T12:37:53.1049893Z,,,0
	2026-02-20T12:37:53.1136179Z,sent 543 bytes  received 34 bytes  1.15K bytes/sec,,0
	2026-02-20T12:37:53.1190451Z,total size is 8.82M  speedup is 15&comma;280.11,,0
	2026-02-20T12:37:53.1398021Z,Attempt 2: Rsync for filelist /tmp//splits/split.ac completed with exit code 23,,0
	2026-02-20T12:37:53.1492478Z,,,0
	2026-02-20T12:37:53.1645328Z,Number of files: 10 (reg: 10),,0
	2026-02-20T12:37:53.1711485Z,Number of created files: 0,,0
	2026-02-20T12:37:53.1871911Z,Number of deleted files: 0,,0
	2026-02-20T12:37:53.1933941Z,Number of regular files transferred: 0,,0
	2026-02-20T12:37:53.2015654Z,Total file size: 6.47M bytes,,0
	2026-02-20T12:37:53.2220237Z,Total transferred file size: 0 bytes,,0
	2026-02-20T12:37:53.2404517Z,Literal data: 0 bytes,,0
	2026-02-20T12:37:53.2609980Z,Matched data: 0 bytes,,0
	2026-02-20T12:37:53.2698107Z,File list size: 0,,0
	2026-02-20T12:37:53.2805177Z,File list generation time: 0.021 seconds,,0
	2026-02-20T12:37:53.2965609Z,File list transfer time: 0.000 seconds,,0
	2026-02-20T12:37:53.3117772Z,Total bytes sent: 600,,0
	2026-02-20T12:37:53.3243317Z,Total bytes received: 34,,0
	2026-02-20T12:37:53.3344059Z,,,0
	2026-02-20T12:37:53.3500015Z,sent 600 bytes  received 34 bytes  422.67 bytes/sec,,0
	2026-02-20T12:37:53.3559509Z,total size is 6.47M  speedup is 10&comma;203.46,,0
	2026-02-20T12:37:53.3641993Z,Attempt 2: Rsync for filelist /tmp//splits/split.ad completed with exit code 23,,0
	2026-02-20T12:37:53.3806152Z,,,0
	2026-02-20T12:37:53.3966887Z,Number of files: 10 (reg: 10),,0
	2026-02-20T12:37:53.4021849Z,Number of created files: 0,,0
	2026-02-20T12:37:53.4209872Z,Number of deleted files: 0,,0
	2026-02-20T12:37:53.4440589Z,Number of regular files transferred: 0,,0
	2026-02-20T12:37:53.4575284Z,Total file size: 4.27M bytes,,0
	2026-02-20T12:37:53.4742528Z,Total transferred file size: 0 bytes,,0
	2026-02-20T12:37:53.4860591Z,Literal data: 0 bytes,,0
	2026-02-20T12:37:53.5012431Z,Matched data: 0 bytes,,0
	2026-02-20T12:37:53.5170891Z,File list size: 0,,0
	2026-02-20T12:37:53.5311632Z,File list generation time: 0.001 seconds,,0
	2026-02-20T12:37:53.5454051Z,File list transfer time: 0.000 seconds,,0
	2026-02-20T12:37:53.5760255Z,Total bytes sent: 501,,0
	2026-02-20T12:37:53.5884409Z,Total bytes received: 40,,0
	2026-02-20T12:37:53.6042044Z,,,0
	2026-02-20T12:37:53.6148800Z,sent 501 bytes  received 40 bytes  1.08K bytes/sec,,0
	2026-02-20T12:37:53.6202241Z,total size is 4.27M  speedup is 7&comma;887.78,,0
	2026-02-20T12:37:53.6289253Z,,,0
	2026-02-20T12:37:53.6378982Z,Number of files: 10 (reg: 10),,0
	2026-02-20T12:37:53.6433973Z,Number of created files: 0,,0
	2026-02-20T12:37:53.6486884Z,Number of deleted files: 0,,0
	2026-02-20T12:37:53.6536970Z,Number of regular files transferred: 0,,0
	2026-02-20T12:37:53.6609899Z,Total file size: 5.22M bytes,,0
	2026-02-20T12:37:53.6888314Z,Total transferred file size: 0 bytes,,0
	2026-02-20T12:37:53.6943157Z,Literal data: 0 bytes,,0
	2026-02-20T12:37:53.7050823Z,Matched data: 0 bytes,,0
	2026-02-20T12:37:53.7285100Z,File list size: 0,,0
	2026-02-20T12:37:53.7454303Z,File list generation time: 0.029 seconds,,0
	2026-02-20T12:37:53.7583269Z,File list transfer time: 0.000 seconds,,0
	2026-02-20T12:37:53.7704482Z,Total bytes sent: 524,,0
	2026-02-20T12:37:53.7797661Z,Total bytes received: 34,,0
	2026-02-20T12:37:53.7896565Z,,,0
	2026-02-20T12:37:53.7996234Z,sent 524 bytes  received 34 bytes  1.12K bytes/sec,,0
	2026-02-20T12:37:53.8053568Z,total size is 5.22M  speedup is 9&comma;348.52,,0
	2026-02-20T12:37:53.8202721Z,Attempt 2: Rsync for filelist /tmp//splits/split.aa completed with exit code 23,,0
	2026-02-20T12:37:53.8301001Z,,,0
	2026-02-20T12:37:53.8393855Z,Number of files: 10 (reg: 10),,0
	2026-02-20T12:37:53.8509179Z,Number of created files: 0,,0
	2026-02-20T12:37:53.8780958Z,Number of deleted files: 0,,0
	2026-02-20T12:37:53.9183338Z,Number of regular files transferred: 0,,0
	2026-02-20T12:37:53.9602335Z,Total file size: 5.19M bytes,,0
	2026-02-20T12:37:53.9924293Z,Total transferred file size: 0 bytes,,0
	2026-02-20T12:37:54.0323117Z,Literal data: 0 bytes,,0
	2026-02-20T12:37:54.0539937Z,Matched data: 0 bytes,,0
	2026-02-20T12:37:54.0739628Z,File list size: 0,,0
	2026-02-20T12:37:54.0900844Z,File list generation time: 0.001 seconds,,0
	2026-02-20T12:37:54.1030311Z,File list transfer time: 0.000 seconds,,0
	2026-02-20T12:37:54.1153908Z,Total bytes sent: 571,,0
	2026-02-20T12:37:54.1251558Z,Total bytes received: 37,,0
	2026-02-20T12:37:54.1349822Z,,,0
	2026-02-20T12:37:54.1447104Z,sent 571 bytes  received 37 bytes  405.33 bytes/sec,,0
	2026-02-20T12:37:54.1534380Z,total size is 5.19M  speedup is 8&comma;543.47,,0
	2026-02-20T12:37:54.2050280Z,,,0
	2026-02-20T12:37:54.2166376Z,Number of files: 10 (reg: 10),,0
	2026-02-20T12:37:54.2221957Z,Number of created files: 0,,0
	2026-02-20T12:37:54.2325423Z,Number of deleted files: 0,,0
	2026-02-20T12:37:54.2451019Z,Number of regular files transferred: 0,,0
	2026-02-20T12:37:54.2579934Z,Total file size: 5.40M bytes,,0
	2026-02-20T12:37:54.2677626Z,Total transferred file size: 0 bytes,,0
	2026-02-20T12:37:54.2787220Z,Literal data: 0 bytes,,0
	2026-02-20T12:37:54.2933512Z,Matched data: 0 bytes,,0
	2026-02-20T12:37:54.3068203Z,File list size: 0,,0
	2026-02-20T12:37:54.3435852Z,File list generation time: 0.151 seconds,,0
	2026-02-20T12:37:54.3503710Z,File list transfer time: 0.000 seconds,,0
	2026-02-20T12:37:54.3589483Z,Total bytes sent: 508,,0
	2026-02-20T12:37:54.3683482Z,Total bytes received: 43,,0
	2026-02-20T12:37:54.3905149Z,,,0
	2026-02-20T12:37:54.4062853Z,sent 508 bytes  received 43 bytes  1.10K bytes/sec,,0
	2026-02-20T12:37:54.4262279Z,total size is 5.40M  speedup is 9&comma;807.30,,0
	2026-02-20T12:37:54.4532864Z,Attempt 2: Rsync for filelist /tmp//splits/split.ab completed with exit code 23,,0
	2026-02-20T12:37:54.4685828Z,Attempt 2: Rsync for filelist /tmp//splits/split.ag completed with exit code 23,,0
	2026-02-20T12:37:54.4840140Z,Attempt 2: Rsync for filelist /tmp//splits/split.ae completed with exit code 23,,0
	2026-02-20T12:37:54.4983330Z,An error has occurred during web site deployment.,,0
	2026-02-20T12:37:54.5242571Z,Rsync failed in 2 seconds,,0
	2026-02-20T12:37:54.6379297Z,rsync: [generator] recv_generator: failed to stat "/home/site/wwwroot/runtimes\linux-musl-s390x\native\libe_sqlite3.so": Invalid argument (22)\nrsync: [generator] recv_generator: failed to stat "/home/site/wwwroot/runtimes\linux-x86\native\libe_sqlite3.so": Invalid argument (22)\nrsync: [generator] recv_generator: failed to stat "/home/site/wwwroot/runtimes\osx-arm64\native\libe_sqlite3.dylib": Invalid argument (22)\nrsync: [generator] recv_generator: failed to stat "/home/site/wwwroot/runtimes\win\lib\netstandard2.0\System.Security.Cryptography.ProtectedData.dll": Invalid argument (22)\nrsync: [generator] recv_generator: failed to stat "/home/site/wwwroot/runtimes\maccatalyst-arm64\native\libe_sqlite3.dylib": Invalid argument (22)\nrsync: [generator] recv_generator: failed to stat "/home/site/wwwroot/runtimes\osx-x64\native\libe_sqlite3.dylib": Invalid argument (22)\nrsync: [generator] recv_generator: failed to stat "/home/site/wwwroot/runtimes\win-x86\native\e_sqlite3.dll": Invalid argument (22)\nrsync error: some files/attrs were not transferred (see previous errors) (code 23) at main.c(1338) [sender=3.2.7]\nrsync: [generator] recv_generator: failed to stat "/home/site/wwwroot/runtimes\linux-arm64\native\libe_sqlite3.so": Invalid argument (22)\nrsync: [generator] recv_generator: failed to stat "/home/site/wwwroot/runtimes\linux-musl-riscv64\native\libe_sqlite3.so": Invalid argument (22)\nrsync: [generator] recv_generator: failed to stat "/home/site/wwwroot/runtimes\linux-ppc64le\native\libe_sqlite3.so": Invalid argument (22)\nrsync: [generator] recv_generator: failed to stat "/home/site/wwwroot/runtimes\win-arm64\native\e_sqlite3.dll": Invalid argument (22)\nrsync: [generator] recv_generator: failed to stat "/home/site/wwwroot/runtimes\linux-musl-x64\native\libe_sqlite3.so": Invalid argument (22)\nrsync: [generator] recv_generator: failed to stat "/home/site/wwwroot/runtimes\linux-musl-arm64\native\libe_sqlite3.so": Invalid argument (22)\nrsync: [generator] recv_generator: failed to stat "/home/site/wwwroot/runtimes\win-x64\native\e_sqlite3.dll": Invalid argument (22)\nrsync: [generator] recv_generator: failed to stat "/home/site/wwwroot/runtimes\browser-wasm\nativeassets\net9.0\e_sqlite3.a": Invalid argument (22)\nrsync: [generator] recv_generator: failed to stat "/home/site/wwwroot/runtimes\linux-s390x\native\libe_sqlite3.so": Invalid argument (22)\nrsync: [generator] recv_generator: failed to stat "/home/site/wwwroot/runtimes\maccatalyst-x64\native\libe_sqlite3.dylib": Invalid argument (22)\nrsync error: some files/attrs were not transferred (see previous errors) (code 23) at main.c(1338) [sender=3.2.7]\nrsync: [generator] recv_generator: failed to stat "/home/site/wwwroot/runtimes\linux-armel\native\libe_sqlite3.so": Invalid argument (22)\nrsync: [generator] recv_generator: failed to stat "/home/site/wwwroot/runtimes\linux-riscv64\native\libe_sqlite3.so": Invalid argument (22)\nrsync: [generator] recv_generator: failed to stat "/home/site/wwwroot/runtimes\linux-x64\native\libe_sqlite3.so": Invalid argument (22)\nrsync: [generator] recv_generator: failed to stat "/home/site/wwwroot/runtimes\win-arm\native\e_sqlite3.dll": Invalid argument (22)\nrsync: [generator] recv_generator: failed to stat "/home/site/wwwroot/runtimes\linux-arm\native\libe_sqlite3.so": Invalid argument (22)\nrsync: [generator] recv_generator: failed to stat "/home/site/wwwroot/runtimes\linux-mips64\native\libe_sqlite3.so": Invalid argument (22)\nrsync: [generator] recv_generator: failed to stat "/home/site/wwwroot/runtimes\linux-musl-arm\native\libe_sqlite3.so": Invalid argument (22)\nrsync error: some files/attrs were not transferred (see previous errors) (code 23) at main.c(1338) [sender=3.2.7]\nrsync error: some files/attrs were not transferred (see previous errors) (code 23) at main.c(1338) [sender=3.2.7]\nrsync error: some files/attrs were not transferred (see previous errors) (code 23) at main.c(1338) [sender=3.2.7]\nrsync error: some files/attrs were not transferred (see previous errors) (code 23) at main.c(1338) [sender=3.2.7]\nrsync error: some files/attrs were not transferred (see previous errors) (code 23) at main.c(1338) [sender=3.2.7]\nrsync: [generator] recv_generator: failed to stat "/home/site/wwwroot/runtimes\linux-arm\native\libe_sqlite3.so": Invalid argument (22)\nrsync: [generator] recv_generator: failed to stat "/home/site/wwwroot/runtimes\linux-mips64\native\libe_sqlite3.so": Invalid argument (22)\nrsync: [generator] recv_generator: failed to stat "/home/site/wwwroot/runtimes\linux-musl-arm\native\libe_sqlite3.so": Invalid argument (22)\nrsync error: some files/attrs were not transferred (see previous errors) (code 23) at main.c(1338) [sender=3.2.7]\nrsync error: some files/attrs were not transferred (see previous errors) (code 23) at main.c(1338) [sender=3.2.7]\nrsync: [generator] recv_generator: failed to stat "/home/site/wwwroot/runtimes\linux-arm64\native\libe_sqlite3.so": Invalid argument (22)\nrsync: [generator] recv_generator: failed to stat "/home/site/wwwroot/runtimes\linux-musl-riscv64\native\libe_sqlite3.so": Invalid argument (22)\nrsync: [generator] recv_generator: failed to stat "/home/site/wwwroot/runtimes\linux-ppc64le\native\libe_sqlite3.so": Invalid argument (22)\nrsync: [generator] recv_generator: failed to stat "/home/site/wwwroot/runtimes\win-arm64\native\e_sqlite3.dll": Invalid argument (22)\nrsync: [generator] recv_generator: failed to stat "/home/site/wwwroot/runtimes\browser-wasm\nativeassets\net9.0\e_sqlite3.a": Invalid argument (22)\nrsync: [generator] recv_generator: failed to stat "/home/site/wwwroot/runtimes\linux-s390x\native\libe_sqlite3.so": Invalid argument (22)\nrsync: [generator] recv_generator: failed to stat "/home/site/wwwroot/runtimes\maccatalyst-x64\native\libe_sqlite3.dylib": Invalid argument (22)\nrsync: [generator] recv_generator: failed to stat "/home/site/wwwroot/runtimes\linux-musl-s390x\native\libe_sqlite3.so": Invalid argument (22)\nrsync: [generator] recv_generator: failed to stat "/home/site/wwwroot/runtimes\linux-x86\native\libe_sqlite3.so": Invalid argument (22)\nrsync: [generator] recv_generator: failed to stat "/home/site/wwwroot/runtimes\osx-arm64\native\libe_sqlite3.dylib": Invalid argument (22)\nrsync: [generator] recv_generator: failed to stat "/home/site/wwwroot/runtimes\win\lib\netstandard2.0\System.Security.Cryptography.ProtectedData.dll": Invalid argument (22)\nrsync: [generator] recv_generator: failed to stat "/home/site/wwwroot/runtimes\linux-armel\native\libe_sqlite3.so": Invalid argument (22)\nrsync: [generator] recv_generator: failed to stat "/home/site/wwwroot/runtimes\linux-riscv64\native\libe_sqlite3.so": Invalid argument (22)\nrsync: [generator] recv_generator: failed to stat "/home/site/wwwroot/runtimes\linux-x64\native\libe_sqlite3.so": Invalid argument (22)\nrsync: [generator] recv_generator: failed to stat "/home/site/wwwroot/runtimes\win-arm\native\e_sqlite3.dll": Invalid argument (22)\nrsync: [generator] recv_generator: failed to stat "/home/site/wwwroot/runtimes\maccatalyst-arm64\native\libe_sqlite3.dylib": Invalid argument (22)\nrsync: [generator] recv_generator: failed to stat "/home/site/wwwroot/runtimes\osx-x64\native\libe_sqlite3.dylib": Invalid argument (22)\nrsync: [generator] recv_generator: failed to stat "/home/site/wwwroot/runtimes\win-x86\native\e_sqlite3.dll": Invalid argument (22)\nrsync: [generator] recv_generator: failed to stat "/home/site/wwwroot/runtimes\linux-musl-x64\native\libe_sqlite3.so": Invalid argument (22)\nrsync: [generator] recv_generator: failed to stat "/home/site/wwwroot/runtimes\linux-musl-arm64\native\libe_sqlite3.so": Invalid argument (22)\nrsync: [generator] recv_generator: failed to stat "/home/site/wwwroot/runtimes\win-x64\native\e_sqlite3.dll": Invalid argument (22)\nrsync error: some files/attrs were not transferred (see previous errors) (code 23) at main.c(1338) [sender=3.2.7]\nrsync error: some files/attrs were not transferred (see previous errors) (code 23) at main.c(1338) [sender=3.2.7]\nrsync error: some files/attrs were not transferred (see previous errors) (code 23) at main.c(1338) [sender=3.2.7]\nrsync error: some files/attrs were not transferred (see previous errors) (code 23) at main.c(1338) [sender=3.2.7]\nrsync error: some files/attrs were not transferred (see previous errors) (code 23) at main.c(1338) [sender=3.2.7]\nrsync error: some files/attrs were not transferred (see previous errors) (code 23) at main.c(1338) [sender=3.2.7]\nrsync error: some files/attrs were not transferred (see previous errors) (code 23) at main.c(1338) [sender=3.2.7]\n/opt/Kudu/Scripts/starter.sh /opt/Kudu/Scripts/parallel_rsync.sh /tmp/zipdeploy/extracted /home/site/wwwroot 8 /tmp/ False False  ,,2
2026-02-20T12:37:54.7797256Z,WARNING!! Exception in parallel rsync: ExitCode: 123&comma; Output: Run rsync from: /tmp/zipdeploy/extracted/ to: /home/site/wwwroot/ in 8 parallel threads\nDelete options: clean=False&comma; use manifest=False&comma; directory to ignore=\nPrev manifest = /opt/Kudu/Scripts/firstDeploymentManifest and next /home/site/deployments/6dc39a04-ed9b-47b2-b7ed-a0e4c7bf736b/manifest\nCleaning up /tmp//filelist.txt and /tmp//splits\nCreating a list of all files at /tmp//filelist.txt\nNo directory to exclude.\nCreated /tmp//filelist.txt. Total number of files to be synced = 73.\nCreated batches from the list of files. Processing 10 files in each thread\nRunning rsync for filelist /tmp//splits/split.aa from /tmp/zipdeploy/extracted/ to /home/site/wwwroot/\nRunning rsync for filelist /tmp//splits/split.ab from /tmp/zipdeploy/extracted/ to /home/site/wwwroot/\nRunning rsync for filelist /tmp//splits/split.ac from /tmp/zipdeploy/extracted/ to /home/site/wwwroot/\nRunning rsync for filelist /tmp//splits/split.ad from /tmp/zipdeploy/extracted/ to /home/site/wwwroot/\nRunning rsync for filelist /tmp//splits/split.af from /tmp/zipdeploy/extracted/ to /home/site/wwwroot/\nRunning rsync for filelist /tmp//splits/split.ae from /tmp/zipdeploy/extracted/ to /home/site/wwwroot/\nRunning rsync for filelist /tmp//splits/split.ag from /tmp/zipdeploy/extracted/ to /home/site/wwwroot/\nRunning rsync for filelist /tmp//splits/split.ah from /tmp/zipdeploy/extracted/ to /home/site/wwwroot/\n\nNumber of files: 10 (reg: 10)\nNumber of created files: 0\nNumber of deleted files: 0\nNumber of regular files transferred: 0\nTotal file size: 6.47M bytes\nTotal transferred file size: 0 bytes\nLiteral data: 0 bytes\nMatched data: 0 bytes\nFile list size: 0\nFile list generation time: 0.018 seconds\nFile list transfer time: 0.000 seconds\nTotal bytes sent: 600\nTotal bytes received: 34\n\nsent 600 bytes  received 34 bytes  1.27K bytes/sec\ntotal size is 6.47M  speedup is 10&comma;203.46\nAttempt 1: Rsync for filelist /tmp//splits/split.ad completed with exit code 23\n\nNumber of files: 10 (reg: 10)\nNumber of created files: 0\nNumber of deleted files: 0\nNumber of regular files transferred: 0\nTotal file size: 5.19M bytes\nTotal transferred file size: 0 bytes\nLiteral data: 0 bytes\nMatched data: 0 bytes\nFile list size: 0\nFile list generation time: 0.018 seconds\nFile list transfer time: 0.000 seconds\nTotal bytes sent: 571\nTotal bytes received: 37\n\nsent 571 bytes  received 37 bytes  405.33 bytes/sec\ntotal size is 5.19M  speedup is 8&comma;543.47\nAttempt 1: Rsync for filelist /tmp//splits/split.ab completed with exit code 23\n\nNumber of files: 10 (reg: 10)\nNumber of created files: 0\nNumber of deleted files: 0\nNumber of regular files transferred: 1\nTotal file size: 8.82M bytes\nTotal transferred file size: 80.90K bytes\nLiteral data: 80.90K bytes\nMatched data: 0 bytes\nFile list size: 0\nFile list generation time: 0.172 seconds\nFile list transfer time: 0.000 seconds\nTotal bytes sent: 33.93K\nTotal bytes received: 50\n\nsent 33.93K bytes  received 50 bytes  22.65K bytes/sec\ntotal size is 8.82M  speedup is 259.47\n\nNumber of files: 10 (reg: 10)\nNumber of created files: 0\nNumber of deleted files: 0\nNumber of regular files transferred: 1\nTotal file size: 5.40M bytes\nTotal transferred file size: 495 bytes\nLiteral data: 495 bytes\nMatched data: 0 bytes\nFile list size: 0\nFile list generation time: 0.020 seconds\nFile list transfer time: 0.000 seconds\nTotal bytes sent: 868\nTotal bytes received: 59\n\nsent 868 bytes  received 59 bytes  1.85K bytes/sec\ntotal size is 5.40M  speedup is 5&comma;829.37\nAttempt 1: Rsync for filelist /tmp//splits/split.ag completed with exit code 23\n\nNumber of files: 3 (reg: 3)\nNumber of created files: 0\nNumber of deleted files: 0\nNumber of regular files transferred: 0\nTotal file size: 4.33M bytes\nTotal transferred file size: 0 bytes\nLiteral data: 0 bytes\nMatched data: 0 bytes\nFile list size: 0\nFile list generation time: 0.099 seconds\nFile list transfer time: 0.000 seconds\nTotal bytes sent: 240\nTotal bytes received: 12\n\nsent 240 bytes  received 12 bytes  504.00 bytes/sec\ntotal size is 4.33M  speedup is 17&comma;187.63\n\nNumber of files: 10 (reg: 10)\nNumber of created files: 0\nNumber of deleted files: 0\nNumber of regular files transferred: 0\nTotal file size: 4.78M bytes\nTotal transferred file size: 0 bytes\nLiteral data: 0 bytes\nMatched data: 0 bytes\nFile list size: 0\nFile list generation time: 0.019 seconds\nFile list transfer time: 0.000 seconds\nTotal bytes sent: 512\nTotal bytes received: 37\n\nsent 512 bytes  received 37 bytes  1.10K bytes/sec\ntotal size is 4.78M  speedup is 8&comma;697.81\nAttempt 1: Rsync for filelist /tmp//splits/split.af completed with exit code 23\nAttempt 1: Rsync for filelist /tmp//splits/split.ac completed with exit code 23\nAttempt 1: Rsync for filelist /tmp//splits/split.ah completed with exit code 23\n\nNumber of files: 10 (reg: 10)\nNumber of created files: 0\nNumber of deleted files: 0\nNumber of regular files transferred: 1\nTotal file size: 5.22M bytes\nTotal transferred file size: 44.88K bytes\nLiteral data: 44.88K bytes\nMatched data: 0 bytes\nFile list size: 0\nFile list generation time: 0.050 seconds\nFile list transfer time: 0.000 seconds\nTotal bytes sent: 26.40K\nTotal bytes received: 50\n\nsent 26.40K bytes  received 50 bytes  17.63K bytes/sec\ntotal size is 5.22M  speedup is 197.24\nAttempt 1: Rsync for filelist /tmp//splits/split.ae completed with exit code 23\n\nNumber of files: 10 (reg: 10)\nNumber of created files: 0\nNumber of deleted files: 0\nNumber of regular files transferred: 1\nTotal file size: 4.27M bytes\nTotal transferred file size: 162.30K bytes\nLiteral data: 162.30K bytes\nMatched data: 0 bytes\nFile list size: 0\nFile list generation time: 0.143 seconds\nFile list transfer time: 0.000 seconds\nTotal bytes sent: 75.57K\nTotal bytes received: 56\n\nsent 75.57K bytes  received 56 bytes  50.42K bytes/sec\ntotal size is 4.27M  speedup is 56.43\nAttempt 1: Rsync for filelist /tmp//splits/split.aa completed with exit code 23\n\nNumber of files: 10 (reg: 10)\nNumber of created files: 0\nNumber of deleted files: 0\nNumber of regular files transferred: 0\nTotal file size: 4.78M bytes\nTotal transferred file size: 0 bytes\nLiteral data: 0 bytes\nMatched data: 0 bytes\nFile list size: 0\nFile list generation time: 0.001 seconds\nFile list transfer time: 0.000 seconds\nTotal bytes sent: 508\nTotal bytes received: 37\n\nsent 508 bytes  received 37 bytes  363.33 bytes/sec\ntotal size is 4.78M  speedup is 8&comma;761.65\nAttempt 2: Rsync for filelist /tmp//splits/split.af completed with exit code 23\n\nNumber of files: 3 (reg: 3)\nNumber of created files: 0\nNumber of deleted files: 0\nNumber of regular files transferred: 0\nTotal file size: 4.33M bytes\nTotal transferred file size: 0 bytes\nLiteral data: 0 bytes\nMatched data: 0 bytes\nFile list size: 0\nFile list generation time: 0.001 seconds\nFile list transfer time: 0.000 seconds\nTotal bytes sent: 240\nTotal bytes received: 12\n\nsent 240 bytes  received 12 bytes  504.00 bytes/sec\ntotal size is 4.33M  speedup is 17&comma;187.63\nAttempt 2: Rsync for filelist /tmp//splits/split.ah completed with exit code 23\n\nNumber of files: 10 (reg: 10)\nNumber of created files: 0\nNumber of deleted files: 0\nNumber of regular files transferred: 0\nTotal file size: 8.82M bytes\nTotal transferred file size: 0 bytes\nLiteral data: 0 bytes\nMatched data: 0 bytes\nFile list size: 0\nFile list generation time: 0.032 seconds\nFile list transfer time: 0.000 seconds\nTotal bytes sent: 543\nTotal bytes received: 34\n\nsent 543 bytes  received 34 bytes  1.15K bytes/sec\ntotal size is 8.82M  speedup is 15&comma;280.11\nAttempt 2: Rsync for filelist /tmp//splits/split.ac completed with exit code 23\n\nNumber of files: 10 (reg: 10)\nNumber of created files: 0\nNumber of deleted files: 0\nNumber of regular files transferred: 0\nTotal file size: 6.47M bytes\nTotal transferred file size: 0 bytes\nLiteral data: 0 bytes\nMatched data: 0 bytes\nFile list size: 0\nFile list generation time: 0.021 seconds\nFile list transfer time: 0.000 seconds\nTotal bytes sent: 600\nTotal bytes received: 34\n\nsent 600 bytes  received 34 bytes  422.67 bytes/sec\ntotal size is 6.47M  speedup is 10&comma;203.46\nAttempt 2: Rsync for filelist /tmp//splits/split.ad completed with exit code 23\n\nNumber of files: 10 (reg: 10)\nNumber of created files: 0\nNumber of deleted files: 0\nNumber of regular files transferred: 0\nTotal file size: 4.27M bytes\nTotal transferred file size: 0 bytes\nLiteral data: 0 bytes\nMatched data: 0 bytes\nFile list size: 0\nFile list generation time: 0.001 seconds\nFile list transfer time: 0.000 seconds\nTotal bytes sent: 501\nTotal bytes received: 40\n\nsent 501 bytes  received 40 bytes  1.08K bytes/sec\ntotal size is 4.27M  speedup is 7&comma;887.78\n\nNumber of files: 10 (reg: 10)\nNumber of created files: 0\nNumber of deleted files: 0\nNumber of regular files transferred: 0\nTotal file size: 5.22M bytes\nTotal transferred file size: 0 bytes\nLiteral data: 0 bytes\nMatched data: 0 bytes\nFile list size: 0\nFile list generation time: 0.029 seconds\nFile list transfer time: 0.000 seconds\nTotal bytes sent: 524\nTotal bytes received: 34\n\nsent 524 bytes  received 34 bytes  1.12K bytes/sec\ntotal size is 5.22M  speedup is 9&comma;348.52\nAttempt 2: Rsync for filelist /tmp//splits/split.aa completed with exit code 23\n\nNumber of files: 10 (reg: 10)\nNumber of created files: 0\nNumber of deleted files: 0\nNumber of regular files transferred: 0\nTotal file size: 5.19M bytes\nTotal transferred file size: 0 bytes\nLiteral data: 0 bytes\nMatched data: 0 bytes\nFile list size: 0\nFile list generation time: 0.001 seconds\nFile list transfer time: 0.000 seconds\nTotal bytes sent: 571\nTotal bytes received: 37\n\nsent 571 bytes  received 37 bytes  405.33 bytes/sec\ntotal size is 5.19M  speedup is 8&comma;543.47\n\nNumber of files: 10 (reg: 10)\nNumber of created files: 0\nNumber of deleted files: 0\nNumber of regular files transferred: 0\nTotal file size: 5.40M bytes\nTotal transferred file size: 0 bytes\nLiteral data: 0 bytes\nMatched data: 0 bytes\nFile list size: 0\nFile list generation time: 0.151 seconds\nFile list transfer time: 0.000 seconds\nTotal bytes sent: 508\nTotal bytes received: 43\n\nsent 508 bytes  received 43 bytes  1.10K bytes/sec\ntotal size is 5.40M  speedup is 9&comma;807.30\nAttempt 2: Rsync for filelist /tmp//splits/split.ab completed with exit code 23\nAttempt 2: Rsync for filelist /tmp//splits/split.ag completed with exit code 23\nAttempt 2: Rsync for filelist /tmp//splits/split.ae completed with exit code 23\nAn error has occurred during web site deployment.\nRsync failed in 2 seconds&comma; Error: rsync: [generator] recv_generator: failed to stat "/home/site/wwwroot/runtimes\linux-musl-s390x\native\libe_sqlite3.so": Invalid argument (22)\nrsync: [generator] recv_generator: failed to stat "/home/site/wwwroot/runtimes\linux-x86\native\libe_sqlite3.so": Invalid argument (22)\nrsync: [generator] recv_generator: failed to stat "/home/site/wwwroot/runtimes\osx-arm64\native\libe_sqlite3.dylib": Invalid argument (22)\nrsync: [generator] recv_generator: failed to stat "/home/site/wwwroot/runtimes\win\lib\netstandard2.0\System.Security.Cryptography.ProtectedData.dll": Invalid argument (22)\nrsync: [generator] recv_generator: failed to stat "/home/site/wwwroot/runtimes\maccatalyst-arm64\native\libe_sqlite3.dylib": Invalid argument (22)\nrsync: [generator] recv_generator: failed to stat "/home/site/wwwroot/runtimes\osx-x64\native\libe_sqlite3.dylib": Invalid argument (22)\nrsync: [generator] recv_generator: failed to stat "/home/site/wwwroot/runtimes\win-x86\native\e_sqlite3.dll": Invalid argument (22)\nrsync error: some files/attrs were not transferred (see previous errors) (code 23) at main.c(1338) [sender=3.2.7]\nrsync: [generator] recv_generator: failed to stat "/home/site/wwwroot/runtimes\linux-arm64\native\libe_sqlite3.so": Invalid argument (22)\nrsync: [generator] recv_generator: failed to stat "/home/site/wwwroot/runtimes\linux-musl-riscv64\native\libe_sqlite3.so": Invalid argument (22)\nrsync: [generator] recv_generator: failed to stat "/home/site/wwwroot/runtimes\linux-ppc64le\native\libe_sqlite3.so": Invalid argument (22)\nrsync: [generator] recv_generator: failed to stat "/home/site/wwwroot/runtimes\win-arm64\native\e_sqlite3.dll": Invalid argument (22)\nrsync: [generator] recv_generator: failed to stat "/home/site/wwwroot/runtimes\linux-musl-x64\native\libe_sqlite3.so": Invalid argument (22)\nrsync: [generator] recv_generator: failed to stat "/home/site/wwwroot/runtimes\linux-musl-arm64\native\libe_sqlite3.so": Invalid argument (22)\nrsync: [generator] recv_generator: failed to stat "/home/site/wwwroot/runtimes\win-x64\native\e_sqlite3.dll": Invalid argument (22)\nrsync: [generator] recv_generator: failed to stat "/home/site/wwwroot/runtimes\browser-wasm\nativeassets\net9.0\e_sqlite3.a": Invalid argument (22)\nrsync: [generator] recv_generator: failed to stat "/home/site/wwwroot/runtimes\linux-s390x\native\libe_sqlite3.so": Invalid argument (22)\nrsync: [generator] recv_generator: failed to stat "/home/site/wwwroot/runtimes\maccatalyst-x64\native\libe_sqlite3.dylib": Invalid argument (22)\nrsync error: some files/attrs were not transferred (see previous errors) (code 23) at main.c(1338) [sender=3.2.7]\nrsync: [generator] recv_generator: failed to stat "/home/site/wwwroot/runtimes\linux-armel\native\libe_sqlite3.so": Invalid argument (22)\nrsync: [generator] recv_generator: failed to stat "/home/site/wwwroot/runtimes\linux-riscv64\native\libe_sqlite3.so": Invalid argument (22)\nrsync: [generator] recv_generator: failed to stat "/home/site/wwwroot/runtimes\linux-x64\native\libe_sqlite3.so": Invalid argument (22)\nrsync: [generator] recv_generator: failed to stat "/home/site/wwwroot/runtimes\win-arm\native\e_sqlite3.dll": Invalid argument (22)\nrsync: [generator] recv_generator: failed to stat "/home/site/wwwroot/runtimes\linux-arm\native\libe_sqlite3.so": Invalid argument (22)\nrsync: [generator] recv_generator: failed to stat "/home/site/wwwroot/runtimes\linux-mips64\native\libe_sqlite3.so": Invalid argument (22)\nrsync: [generator] recv_generator: failed to stat "/home/site/wwwroot/runtimes\linux-musl-arm\native\libe_sqlite3.so": Invalid argument (22)\nrsync error: some files/attrs were not transferred (see previous errors) (code 23) at main.c(1338) [sender=3.2.7]\nrsync error: some files/attrs were not transferred (see previous errors) (code 23) at main.c(1338) [sender=3.2.7]\nrsync error: some files/attrs were not transferred (see previous errors) (code 23) at main.c(1338) [sender=3.2.7]\nrsync error: some files/attrs were not transferred (see previous errors) (code 23) at main.c(1338) [sender=3.2.7]\nrsync error: some files/attrs were not transferred (see previous errors) (code 23) at main.c(1338) [sender=3.2.7]\nrsync: [generator] recv_generator: failed to stat "/home/site/wwwroot/runtimes\linux-arm\native\libe_sqlite3.so": Invalid argument (22)\nrsync: [generator] recv_generator: failed to stat "/home/site/wwwroot/runtimes\linux-mips64\native\libe_sqlite3.so": Invalid argument (22)\nrsync: [generator] recv_generator: failed to stat "/home/site/wwwroot/runtimes\linux-musl-arm\native\libe_sqlite3.so": Invalid argument (22)\nrsync error: some files/attrs were not transferred (see previous errors) (code 23) at main.c(1338) [sender=3.2.7]\nrsync error: some files/attrs were not transferred (see previous errors) (code 23) at main.c(1338) [sender=3.2.7]\nrsync: [generator] recv_generator: failed to stat "/home/site/wwwroot/runtimes\linux-arm64\native\libe_sqlite3.so": Invalid argument (22)\nrsync: [generator] recv_generator: failed to stat "/home/site/wwwroot/runtimes\linux-musl-riscv64\native\libe_sqlite3.so": Invalid argument (22)\nrsync: [generator] recv_generator: failed to stat "/home/site/wwwroot/runtimes\linux-ppc64le\native\libe_sqlite3.so": Invalid argument (22)\nrsync: [generator] recv_generator: failed to stat "/home/site/wwwroot/runtimes\win-arm64\native\e_sqlite3.dll": Invalid argument (22)\nrsync: [generator] recv_generator: failed to stat "/home/site/wwwroot/runtimes\browser-wasm\nativeassets\net9.0\e_sqlite3.a": Invalid argument (22)\nrsync: [generator] recv_generator: failed to stat "/home/site/wwwroot/runtimes\linux-s390x\native\libe_sqlite3.so": Invalid argument (22)\nrsync: [generator] recv_generator: failed to stat "/home/site/wwwroot/runtimes\maccatalyst-x64\native\libe_sqlite3.dylib": Invalid argument (22)\nrsync: [generator] recv_generator: failed to stat "/home/site/wwwroot/runtimes\linux-musl-s390x\native\libe_sqlite3.so": Invalid argument (22)\nrsync: [generator] recv_generator: failed to stat "/home/site/wwwroot/runtimes\linux-x86\native\libe_sqlite3.so": Invalid argument (22)\nrsync: [generator] recv_generator: failed to stat "/home/site/wwwroot/runtimes\osx-arm64\native\libe_sqlite3.dylib": Invalid argument (22)\nrsync: [generator] recv_generator: failed to stat "/home/site/wwwroot/runtimes\win\lib\netstandard2.0\System.Security.Cryptography.ProtectedData.dll": Invalid argument (22)\nrsync: [generator] recv_generator: failed to stat "/home/site/wwwroot/runtimes\linux-armel\native\libe_sqlite3.so": Invalid argument (22)\nrsync: [generator] recv_generator: failed to stat "/home/site/wwwroot/runtimes\linux-riscv64\native\libe_sqlite3.so": Invalid argument (22)\nrsync: [generator] recv_generator: failed to stat "/home/site/wwwroot/runtimes\linux-x64\native\libe_sqlite3.so": Invalid argument (22)\nrsync: [generator] recv_generator: failed to stat "/home/site/wwwroot/runtimes\win-arm\native\e_sqlite3.dll": Invalid argument (22)\nrsync: [generator] recv_generator: failed to stat "/home/site/wwwroot/runtimes\maccatalyst-arm64\native\libe_sqlite3.dylib": Invalid argument (22)\nrsync: [generator] recv_generator: failed to stat "/home/site/wwwroot/runtimes\osx-x64\native\libe_sqlite3.dylib": Invalid argument (22)\nrsync: [generator] recv_generator: failed to stat "/home/site/wwwroot/runtimes\win-x86\native\e_sqlite3.dll": Invalid argument (22)\nrsync: [generator] recv_generator: failed to stat "/home/site/wwwroot/runtimes\linux-musl-x64\native\libe_sqlite3.so": Invalid argument (22)\nrsync: [generator] recv_generator: failed to stat "/home/site/wwwroot/runtimes\linux-musl-arm64\native\libe_sqlite3.so": Invalid argument (22)\nrsync: [generator] recv_generator: failed to stat "/home/site/wwwroot/runtimes\win-x64\native\e_sqlite3.dll": Invalid argument (22)\nrsync error: some files/attrs were not transferred (see previous errors) (code 23) at main.c(1338) [sender=3.2.7]\nrsync error: some files/attrs were not transferred (see previous errors) (code 23) at main.c(1338) [sender=3.2.7]\nrsync error: some files/attrs were not transferred (see previous errors) (code 23) at main.c(1338) [sender=3.2.7]\nrsync error: some files/attrs were not transferred (see previous errors) (code 23) at main.c(1338) [sender=3.2.7]\nrsync error: some files/attrs were not transferred (see previous errors) (code 23) at main.c(1338) [sender=3.2.7]\nrsync error: some files/attrs were not transferred (see previous errors) (code 23) at main.c(1338) [sender=3.2.7]\nrsync error: some files/attrs were not transferred (see previous errors) (code 23) at main.c(1338) [sender=3.2.7]&comma; Kudu.Core.Infrastructure.CommandLineException: rsync: [generator] recv_generator: failed to stat "/home/site/wwwroot/runtimes\linux-musl-s390x\native\libe_sqlite3.so": Invalid argument (22)\nrsync: [generator] recv_generator: failed to stat "/home/site/wwwroot/runtimes\linux-x86\native\libe_sqlite3.so": Invalid argument (22)\nrsync: [generator] recv_generator: failed to stat "/home/site/wwwroot/runtimes\osx-arm64\native\libe_sqlite3.dylib": Invalid argument (22)\nrsync: [generator] recv_generator: failed to stat "/home/site/wwwroot/runtimes\win\lib\netstandard2.0\System.Security.Cryptography.ProtectedData.dll": Invalid argument (22)\nrsync: [generator] recv_generator: failed to stat "/home/site/wwwroot/runtimes\maccatalyst-arm64\native\libe_sqlite3.dylib": Invalid argument (22)\nrsync: [generator] recv_generator: failed to stat "/home/site/wwwroot/runtimes\osx-x64\native\libe_sqlite3.dylib": Invalid argument (22)\nrsync: [generator] recv_generator: failed to stat "/home/site/wwwroot/runtimes\win-x86\native\e_sqlite3.dll": Invalid argument (22)\nrsync error: some files/attrs were not transferred (see previous errors) (code 23) at main.c(1338) [sender=3.2.7]\nrsync: [generator] recv_generator: failed to stat "/home/site/wwwroot/runtimes\linux-arm64\native\libe_sqlite3.so": Invalid argument (22)\nrsync: [generator] recv_generator: failed to stat "/home/site/wwwroot/runtimes\linux-musl-riscv64\native\libe_sqlite3.so": Invalid argument (22)\nrsync: [generator] recv_generator: failed to stat "/home/site/wwwroot/runtimes\linux-ppc64le\native\libe_sqlite3.so": Invalid argument (22)\nrsync: [generator] recv_generator: failed to stat "/home/site/wwwroot/runtimes\win-arm64\native\e_sqlite3.dll": Invalid argument (22)\nrsync: [generator] recv_generator: failed to stat "/home/site/wwwroot/runtimes\linux-musl-x64\native\libe_sqlite3.so": Invalid argument (22)\nrsync: [generator] recv_generator: failed to stat "/home/site/wwwroot/runtimes\linux-musl-arm64\native\libe_sqlite3.so": Invalid argument (22)\nrsync: [generator] recv_generator: failed to stat "/home/site/wwwroot/runtimes\win-x64\native\e_sqlite3.dll": Invalid argument (22)\nrsync: [generator] recv_generator: failed to stat "/home/site/wwwroot/runtimes\browser-wasm\nativeassets\net9.0\e_sqlite3.a": Invalid argument (22)\nrsync: [generator] recv_generator: failed to stat "/home/site/wwwroot/runtimes\linux-s390x\native\libe_sqlite3.so": Invalid argument (22)\nrsync: [generator] recv_generator: failed to stat "/home/site/wwwroot/runtimes\maccatalyst-x64\native\libe_sqlite3.dylib": Invalid argument (22)\nrsync error: some files/attrs were not transferred (see previous errors) (code 23) at main.c(1338) [sender=3.2.7]\nrsync: [generator] recv_generator: failed to stat "/home/site/wwwroot/runtimes\linux-armel\native\libe_sqlite3.so": Invalid argument (22)\nrsync: [generator] recv_generator: failed to stat "/home/site/wwwroot/runtimes\linux-riscv64\native\libe_sqlite3.so": Invalid argument (22)\nrsync: [generator] recv_generator: failed to stat "/home/site/wwwroot/runtimes\linux-x64\native\libe_sqlite3.so": Invalid argument (22)\nrsync: [generator] recv_generator: failed to stat "/home/site/wwwroot/runtimes\win-arm\native\e_sqlite3.dll": Invalid argument (22)\nrsync: [generator] recv_generator: failed to stat "/home/site/wwwroot/runtimes\linux-arm\native\libe_sqlite3.so": Invalid argument (22)\nrsync: [generator] recv_generator: failed to stat "/home/site/wwwroot/runtimes\linux-mips64\native\libe_sqlite3.so": Invalid argument (22)\nrsync: [generator] recv_generator: failed to stat "/home/site/wwwroot/runtimes\linux-musl-arm\native\libe_sqlite3.so": Invalid argument (22)\nrsync error: some files/attrs were not transferred (see previous errors) (code 23) at main.c(1338) [sender=3.2.7]\nrsync error: some files/attrs were not transferred (see previous errors) (code 23) at main.c(1338) [sender=3.2.7]\nrsync error: some files/attrs were not transferred (see previous errors) (code 23) at main.c(1338) [sender=3.2.7]\nrsync error: some files/attrs were not transferred (see previous errors) (code 23) at main.c(1338) [sender=3.2.7]\nrsync error: some files/attrs were not transferred (see previous errors) (code 23) at main.c(1338) [sender=3.2.7]\nrsync: [generator] recv_generator: failed to stat "/home/site/wwwroot/runtimes\linux-arm\native\libe_sqlite3.so": Invalid argument (22)\nrsync: [generator] recv_generator: failed to stat "/home/site/wwwroot/runtimes\linux-mips64\native\libe_sqlite3.so": Invalid argument (22)\nrsync: [generator] recv_generator: failed to stat "/home/site/wwwroot/runtimes\linux-musl-arm\native\libe_sqlite3.so": Invalid argument (22)\nrsync error: some files/attrs were not transferred (see previous errors) (code 23) at main.c(1338) [sender=3.2.7]\nrsync error: some files/attrs were not transferred (see previous errors) (code 23) at main.c(1338) [sender=3.2.7]\nrsync: [generator] recv_generator: failed to stat "/home/site/wwwroot/runtimes\linux-arm64\native\libe_sqlite3.so": Invalid argument (22)\nrsync: [generator] recv_generator: failed to stat "/home/site/wwwroot/runtimes\linux-musl-riscv64\native\libe_sqlite3.so": Invalid argument (22)\nrsync: [generator] recv_generator: failed to stat "/home/site/wwwroot/runtimes\linux-ppc64le\native\libe_sqlite3.so": Invalid argument (22)\nrsync: [generator] recv_generator: failed to stat "/home/site/wwwroot/runtimes\win-arm64\native\e_sqlite3.dll": Invalid argument (22)\nrsync: [generator] recv_generator: failed to stat "/home/site/wwwroot/runtimes\browser-wasm\nativeassets\net9.0\e_sqlite3.a": Invalid argument (22)\nrsync: [generator] recv_generator: failed to stat "/home/site/wwwroot/runtimes\linux-s390x\native\libe_sqlite3.so": Invalid argument (22)\nrsync: [generator] recv_generator: failed to stat "/home/site/wwwroot/runtimes\maccatalyst-x64\native\libe_sqlite3.dylib": Invalid argument (22)\nrsync: [generator] recv_generator: failed to stat "/home/site/wwwroot/runtimes\linux-musl-s390x\native\libe_sqlite3.so": Invalid argument (22)\nrsync: [generator] recv_generator: failed to stat "/home/site/wwwroot/runtimes\linux-x86\native\libe_sqlite3.so": Invalid argument (22)\nrsync: [generator] recv_generator: failed to stat "/home/site/wwwroot/runtimes\osx-arm64\native\libe_sqlite3.dylib": Invalid argument (22)\nrsync: [generator] recv_generator: failed to stat "/home/site/wwwroot/runtimes\win\lib\netstandard2.0\System.Security.Cryptography.ProtectedData.dll": Invalid argument (22)\nrsync: [generator] recv_generator: failed to stat "/home/site/wwwroot/runtimes\linux-armel\native\libe_sqlite3.so": Invalid argument (22)\nrsync: [generator] recv_generator: failed to stat "/home/site/wwwroot/runtimes\linux-riscv64\native\libe_sqlite3.so": Invalid argument (22)\nrsync: [generator] recv_generator: failed to stat "/home/site/wwwroot/runtimes\linux-x64\native\libe_sqlite3.so": Invalid argument (22)\nrsync: [generator] recv_generator: failed to stat "/home/site/wwwroot/runtimes\win-arm\native\e_sqlite3.dll": Invalid argument (22)\nrsync: [generator] recv_generator: failed to stat "/home/site/wwwroot/runtimes\maccatalyst-arm64\native\libe_sqlite3.dylib": Invalid argument (22)\nrsync: [generator] recv_generator: failed to stat "/home/site/wwwroot/runtimes\osx-x64\native\libe_sqlite3.dylib": Invalid argument (22)\nrsync: [generator] recv_generator: failed to stat "/home/site/wwwroot/runtimes\win-x86\native\e_sqlite3.dll": Invalid argument (22)\nrsync: [generator] recv_generator: failed to stat "/home/site/wwwroot/runtimes\linux-musl-x64\native\libe_sqlite3.so": Invalid argument (22)\nrsync: [generator] recv_generator: failed to stat "/home/site/wwwroot/runtimes\linux-musl-arm64\native\libe_sqlite3.so": Invalid argument (22)\nrsync: [generator] recv_generator: failed to stat "/home/site/wwwroot/runtimes\win-x64\native\e_sqlite3.dll": Invalid argument (22)\nrsync error: some files/attrs were not transferred (see previous errors) (code 23) at main.c(1338) [sender=3.2.7]\nrsync error: some files/attrs were not transferred (see previous errors) (code 23) at main.c(1338) [sender=3.2.7]\nrsync error: some files/attrs were not transferred (see previous errors) (code 23) at main.c(1338) [sender=3.2.7]\nrsync error: some files/attrs were not transferred (see previous errors) (code 23) at main.c(1338) [sender=3.2.7]\nrsync error: some files/attrs were not transferred (see previous errors) (code 23) at main.c(1338) [sender=3.2.7]\nrsync error: some files/attrs were not transferred (see previous errors) (code 23) at main.c(1338) [sender=3.2.7]\nrsync error: some files/attrs were not transferred (see previous errors) (code 23) at main.c(1338) [sender=3.2.7]\n/opt/Kudu/Scripts/starter.sh /opt/Kudu/Scripts/parallel_rsync.sh /tmp/zipdeploy/extracted /home/site/wwwroot 8 /tmp/ False False  \n   at Kudu.Core.Infrastructure.Executable.ExecuteInternal(ITracer tracer&comma; Func`2 onWriteOutput&comma; Func`2 onWriteError&comma; CancellationToken token&comma; Encoding encoding&comma; String arguments&comma; Object[] args) in /tmp/KuduLite/Kudu.Core/Infrastructure/Executable.cs:line 239\n   at Kudu.Core.Infrastructure.Executable.ExecuteWithProgressWriter(ILogger logger&comma; ITracer tracer&comma; CancellationToken token&comma; String arguments&comma; Object[] args) in /tmp/KuduLite/Kudu.Core/Infrastructure/Executable.cs:line 118\n   at Kudu.Core.Deployment.Generator.ExternalCommandBuilder.RunCommand(DeploymentContext context&comma; String command&comma; Boolean ignoreManifest&comma; CancellationToken token&comma; String message) in /tmp/KuduLite/Kudu.Core/Deployment/Generator/ExternalCommandBuilder.cs:line 135\n   at Kudu.Core.Deployment.Generator.OneDeployBuilder.Build(DeploymentContext context&comma; CancellationToken token) in /tmp/KuduLite/Kudu.Core/Deployment/Generator/OneDeployBuilder.cs:line 97,9bad3689-c5c9-4e69-9fe6-402f424e7c3a,0
2026-02-20T12:37:54.8915912Z,Incrementally deploying to /home/site/wwwroot,2465b583-2d3b-4c73-932a-cd017a9af0b4,0
2026-02-20T12:37:55.3083867Z,Deployment Failed. deployer = OneDeploy deploymentPath = OneDeploy,b6842fbc-a967-4d78-a818-a65df9e8fd24,0
